<?xml version="1.0" encoding="UTF-8"?>
<testng-results skipped="0" failed="0" ignored="0" total="1" passed="1">
  <reporter-output>
  </reporter-output>
  <suite name="Suite" duration-ms="17457" started-at="2019-08-27T09:50:26Z" finished-at="2019-08-27T09:50:44Z">
    <groups>
    </groups>
    <test name="Test" duration-ms="17457" started-at="2019-08-27T09:50:26Z" finished-at="2019-08-27T09:50:44Z">
      <class name="p1.Test1">
        <test-method status="PASS" signature="test()[pri:0, instance:p1.Test1@21bcffb5]" name="test" duration-ms="17394" started-at="2019-08-27T09:50:26Z" finished-at="2019-08-27T09:50:44Z">
          <reporter-output>
          </reporter-output>
        </test-method> <!-- test -->
      </class> <!-- p1.Test1 -->
    </test> <!-- Test -->
  </suite> <!-- Suite -->
</testng-results>
